# JRE version: Java(TM) SE Runtime Environment (8.0_121-b13) (build 1.8.0_121-b13)
# Java VM: Java HotSpot(TM) 64-Bit Server VM (25.121-b13 mixed mode linux-amd64 compressed oops)
Heap:
 PSYoungGen      total 149504K, used 128247K [0x00000000eab00000, 0x00000000f7800000, 0x0000000100000000)
  eden space 141824K, 85% used [0x00000000eab00000,0x00000000f20bf728,0x00000000f3580000)
  from space 7680K, 99% used [0x00000000f7080000,0x00000000f77fe568,0x00000000f7800000)
  to   space 7680K, 78% used [0x00000000f6900000,0x00000000f6edd010,0x00000000f7080000)
 ParOldGen       total 87552K, used 10727K [0x00000000c0000000, 0x00000000c5580000, 0x00000000eab00000)
  object space 87552K, 12% used [0x00000000c0000000,0x00000000c0a79c70,0x00000000c5580000)
 Metaspace       used 34576K, capacity 35348K, committed 35456K, reserved 1079296K
  class space    used 5052K, capacity 5240K, committed 5248K, reserved 1048576K
GC Heap History (10 events):
Event: 0.479 GC heap after
Heap after GC invocations=1 (full 0):
 PSYoungGen      total 56320K, used 6087K [0x00000000eab00000, 0x00000000f1900000, 0x0000000100000000)
  eden space 48640K, 0% used [0x00000000eab00000,0x00000000eab00000,0x00000000eda80000)
  from space 7680K, 79% used [0x00000000eda80000,0x00000000ee071eb8,0x00000000ee200000)
  to   space 7680K, 0% used [0x00000000f1180000,0x00000000f1180000,0x00000000f1900000)
 ParOldGen       total 128512K, used 8K [0x00000000c0000000, 0x00000000c7d80000, 0x00000000eab00000)
  object space 128512K, 0% used [0x00000000c0000000,0x00000000c0002000,0x00000000c7d80000)
 Metaspace       used 8511K, capacity 8608K, committed 8704K, reserved 1056768K
  class space    used 1137K, capacity 1184K, committed 1280K, reserved 1048576K
}
Event: 0.932 GC heap before
{Heap before GC invocations=2 (full 0):
 PSYoungGen      total 56320K, used 54727K [0x00000000eab00000, 0x00000000f1900000, 0x0000000100000000)
  eden space 48640K, 100% used [0x00000000eab00000,0x00000000eda80000,0x00000000eda80000)
  from space 7680K, 79% used [0x00000000eda80000,0x00000000ee071eb8,0x00000000ee200000)
  to   space 7680K, 0% used [0x00000000f1180000,0x00000000f1180000,0x00000000f1900000)
 ParOldGen       total 128512K, used 8K [0x00000000c0000000, 0x00000000c7d80000, 0x00000000eab00000)
  object space 128512K, 0% used [0x00000000c0000000,0x00000000c0002000,0x00000000c7d80000)
 Metaspace       used 14916K, capacity 15226K, committed 15360K, reserved 1062912K
  class space    used 2154K, capacity 2251K, committed 2304K, reserved 1048576K
Event: 0.940 GC heap after
Heap after GC invocations=2 (full 0):
 PSYoungGen      total 104960K, used 7663K [0x00000000eab00000, 0x00000000f1900000, 0x0000000100000000)
  eden space 97280K, 0% used [0x00000000eab00000,0x00000000eab00000,0x00000000f0a00000)
  from space 7680K, 99% used [0x00000000f1180000,0x00000000f18fbdc8,0x00000000f1900000)
  to   space 7680K, 0% used [0x00000000f0a00000,0x00000000f0a00000,0x00000000f1180000)
 ParOldGen       total 128512K, used 829K [0x00000000c0000000, 0x00000000c7d80000, 0x00000000eab00000)
  object space 128512K, 0% used [0x00000000c0000000,0x00000000c00cf770,0x00000000c7d80000)
 Metaspace       used 14916K, capacity 15226K, committed 15360K, reserved 1062912K
  class space    used 2154K, capacity 2251K, committed 2304K, reserved 1048576K
}
Event: 1.338 GC heap before
{Heap before GC invocations=3 (full 0):
 PSYoungGen      total 104960K, used 41419K [0x00000000eab00000, 0x00000000f1900000, 0x0000000100000000)
  eden space 97280K, 34% used [0x00000000eab00000,0x00000000ecbf71e0,0x00000000f0a00000)
  from space 7680K, 99% used [0x00000000f1180000,0x00000000f18fbdc8,0x00000000f1900000)
  to   space 7680K, 0% used [0x00000000f0a00000,0x00000000f0a00000,0x00000000f1180000)
 ParOldGen       total 128512K, used 829K [0x00000000c0000000, 0x00000000c7d80000, 0x00000000eab00000)
  object space 128512K, 0% used [0x00000000c0000000,0x00000000c00cf770,0x00000000c7d80000)
 Metaspace       used 20758K, capacity 21054K, committed 21296K, reserved 1067008K
  class space    used 2824K, capacity 2930K, committed 2944K, reserved 1048576K
Event: 1.352 GC heap after
Heap after GC invocations=3 (full 0):
 PSYoungGen      total 104960K, used 7648K [0x00000000eab00000, 0x00000000f7800000, 0x0000000100000000)
  eden space 97280K, 0% used [0x00000000eab00000,0x00000000eab00000,0x00000000f0a00000)
  from space 7680K, 99% used [0x00000000f0a00000,0x00000000f11783a0,0x00000000f1180000)
  to   space 7680K, 0% used [0x00000000f7080000,0x00000000f7080000,0x00000000f7800000)
 ParOldGen       total 128512K, used 2587K [0x00000000c0000000, 0x00000000c7d80000, 0x00000000eab00000)
  object space 128512K, 2% used [0x00000000c0000000,0x00000000c0286cb8,0x00000000c7d80000)
 Metaspace       used 20758K, capacity 21054K, committed 21296K, reserved 1067008K
  class space    used 2824K, capacity 2930K, committed 2944K, reserved 1048576K
}
Event: 1.352 GC heap before
{Heap before GC invocations=4 (full 1):
 PSYoungGen      total 104960K, used 7648K [0x00000000eab00000, 0x00000000f7800000, 0x0000000100000000)
  eden space 97280K, 0% used [0x00000000eab00000,0x00000000eab00000,0x00000000f0a00000)
  from space 7680K, 99% used [0x00000000f0a00000,0x00000000f11783a0,0x00000000f1180000)
  to   space 7680K, 0% used [0x00000000f7080000,0x00000000f7080000,0x00000000f7800000)
 ParOldGen       total 128512K, used 2587K [0x00000000c0000000, 0x00000000c7d80000, 0x00000000eab00000)
  object space 128512K, 2% used [0x00000000c0000000,0x00000000c0286cb8,0x00000000c7d80000)
 Metaspace       used 20758K, capacity 21054K, committed 21296K, reserved 1067008K
  class space    used 2824K, capacity 2930K, committed 2944K, reserved 1048576K
Event: 1.394 GC heap after
Heap after GC invocations=4 (full 1):
 PSYoungGen      total 104960K, used 0K [0x00000000eab00000, 0x00000000f7800000, 0x0000000100000000)
  eden space 97280K, 0% used [0x00000000eab00000,0x00000000eab00000,0x00000000f0a00000)
  from space 7680K, 0% used [0x00000000f0a00000,0x00000000f0a00000,0x00000000f1180000)
  to   space 7680K, 0% used [0x00000000f7080000,0x00000000f7080000,0x00000000f7800000)
 ParOldGen       total 87552K, used 9140K [0x00000000c0000000, 0x00000000c5580000, 0x00000000eab00000)
  object space 87552K, 10% used [0x00000000c0000000,0x00000000c08ed178,0x00000000c5580000)
 Metaspace       used 20758K, capacity 21054K, committed 21296K, reserved 1067008K
  class space    used 2824K, capacity 2930K, committed 2944K, reserved 1048576K
}
Event: 2.220 GC heap before
{Heap before GC invocations=5 (full 1):
 PSYoungGen      total 104960K, used 97280K [0x00000000eab00000, 0x00000000f7800000, 0x0000000100000000)
  eden space 97280K, 100% used [0x00000000eab00000,0x00000000f0a00000,0x00000000f0a00000)
  from space 7680K, 0% used [0x00000000f0a00000,0x00000000f0a00000,0x00000000f1180000)
  to   space 7680K, 0% used [0x00000000f7080000,0x00000000f7080000,0x00000000f7800000)
 ParOldGen       total 87552K, used 9140K [0x00000000c0000000, 0x00000000c5580000, 0x00000000eab00000)
  object space 87552K, 10% used [0x00000000c0000000,0x00000000c08ed178,0x00000000c5580000)
 Metaspace       used 28060K, capacity 28592K, committed 28928K, reserved 1073152K
  class space    used 4059K, capacity 4246K, committed 4352K, reserved 1048576K
Event: 2.246 GC heap after
Heap after GC invocations=5 (full 1):
 PSYoungGen      total 149504K, used 7673K [0x00000000eab00000, 0x00000000f7800000, 0x0000000100000000)
  eden space 141824K, 0% used [0x00000000eab00000,0x00000000eab00000,0x00000000f3580000)
  from space 7680K, 99% used [0x00000000f7080000,0x00000000f77fe568,0x00000000f7800000)
  to   space 7680K, 0% used [0x00000000f6900000,0x00000000f6900000,0x00000000f7080000)
 ParOldGen       total 87552K, used 10727K [0x00000000c0000000, 0x00000000c5580000, 0x00000000eab00000)
  object space 87552K, 12% used [0x00000000c0000000,0x00000000c0a79c70,0x00000000c5580000)
 Metaspace       used 28060K, capacity 28592K, committed 28928K, reserved 1073152K
  class space    used 4059K, capacity 4246K, committed 4352K, reserved 1048576K
}
Event: 3.363 GC heap before
{Heap before GC invocations=6 (full 1):
 PSYoungGen      total 149504K, used 128247K [0x00000000eab00000, 0x00000000f7800000, 0x0000000100000000)
  eden space 141824K, 85% used [0x00000000eab00000,0x00000000f20bf728,0x00000000f3580000)
  from space 7680K, 99% used [0x00000000f7080000,0x00000000f77fe568,0x00000000f7800000)
  to   space 7680K, 0% used [0x00000000f6900000,0x00000000f6900000,0x00000000f7080000)
 ParOldGen       total 87552K, used 10727K [0x00000000c0000000, 0x00000000c5580000, 0x00000000eab00000)
  object space 87552K, 12% used [0x00000000c0000000,0x00000000c0a79c70,0x00000000c5580000)
 Metaspace       used 34576K, capacity 35348K, committed 35456K, reserved 1079296K
  class space    used 5052K, capacity 5240K, committed 5248K, reserved 1048576K

